<?xml version="1.0" encoding="UTF-8"?>
<!-- Generated by org.testng.reporters.JUnitReportReporter -->
<testsuite hostname="LAPTOP-MFKDHCQD" failures="0" tests="1" name="TestCases.SearchAndAddToCartTestCase" time="25.938" errors="0" timestamp="2022-01-14T00:49:03 EST" skipped="0">
  <testcase classname="TestCases.SearchAndAddToCartTestCase" name="searchANDaddTOcart" time="25.938"/>
  <system-out/>
</testsuite> <!-- TestCases.SearchAndAddToCartTestCase -->
