<?xml version="1.0" encoding="UTF-8"?>
<!-- Generated by org.testng.reporters.JUnitReportReporter -->
<testsuite hostname="LAPTOP-MFKDHCQD" failures="0" tests="2" name="TestCases.RegistrationHomeDepotTC" time="65.719" errors="0" timestamp="2022-01-13T21:15:01 EST" skipped="0">
  <testcase classname="TestCases.RegistrationHomeDepotTC" name="homeDepotRegistration" time="31.871"/>
  <system-out/>
  <testcase classname="TestCases.RegistrationHomeDepotTC" name="homeDepotRegistration" time="33.848"/>
  <system-out/>
</testsuite> <!-- TestCases.RegistrationHomeDepotTC -->
