<?xml version="1.0" encoding="UTF-8"?>
<!-- Generated by org.testng.reporters.JUnitReportReporter -->
<testsuite hostname="LAPTOP-MFKDHCQD" failures="0" tests="1" name="TestCases.FlightBookingTestCase" time="141.137" errors="0" timestamp="2022-01-13T21:04:53 EST" skipped="0">
  <testcase classname="TestCases.FlightBookingTestCase" name="flightBookingTC" time="141.137"/>
  <system-out/>
</testsuite> <!-- TestCases.FlightBookingTestCase -->
